<<<<<<< HEAD
2020-12-23T01:11:26+00:00 CRITICAL Allowed memory size of 268435456 bytes exhausted (tried to allocate 8192 bytes) en /home1/aeterea1/toptoursdmc.com/wp-includes/media.php en la línea 3472

2020-12-23T01:13:36+00:00 CRITICAL Allowed memory size of 268435456 bytes exhausted (tried to allocate 8192 bytes) en /home1/aeterea1/toptoursdmc.com/wp-includes/media.php en la línea 3472

2020-12-23T04:35:09+00:00 CRITICAL Allowed memory size of 268435456 bytes exhausted (tried to allocate 32768 bytes) en /home1/aeterea1/toptoursdmc.com/wp-includes/class-wp-image-editor-gd.php en la línea 96

2020-12-23T04:38:26+00:00 CRITICAL Allowed memory size of 268435456 bytes exhausted (tried to allocate 36864 bytes) en /home1/aeterea1/toptoursdmc.com/wp-includes/class-wp-image-editor-gd.php en la línea 96

2020-12-23T04:38:28+00:00 CRITICAL Allowed memory size of 268435456 bytes exhausted (tried to allocate 36864 bytes) en /home1/aeterea1/toptoursdmc.com/wp-includes/class-wp-image-editor-gd.php en la línea 96

2020-12-23T04:38:37+00:00 CRITICAL Allowed memory size of 268435456 bytes exhausted (tried to allocate 36864 bytes) en /home1/aeterea1/toptoursdmc.com/wp-includes/class-wp-image-editor-gd.php en la línea 96

2020-12-23T04:38:40+00:00 CRITICAL Allowed memory size of 268435456 bytes exhausted (tried to allocate 36864 bytes) en /home1/aeterea1/toptoursdmc.com/wp-includes/class-wp-image-editor-gd.php en la línea 96

2020-12-23T04:38:42+00:00 CRITICAL Allowed memory size of 268435456 bytes exhausted (tried to allocate 36864 bytes) en /home1/aeterea1/toptoursdmc.com/wp-includes/class-wp-image-editor-gd.php en la línea 96

2020-12-23T05:31:55+00:00 CRITICAL Allowed memory size of 268435456 bytes exhausted (tried to allocate 49152 bytes) en /home1/aeterea1/toptoursdmc.com/wp-includes/class-wp-image-editor-gd.php en la línea 96

2020-12-23T05:31:56+00:00 CRITICAL Allowed memory size of 268435456 bytes exhausted (tried to allocate 49152 bytes) en /home1/aeterea1/toptoursdmc.com/wp-includes/class-wp-image-editor-gd.php en la línea 96

2020-12-23T05:31:57+00:00 CRITICAL Allowed memory size of 268435456 bytes exhausted (tried to allocate 49152 bytes) en /home1/aeterea1/toptoursdmc.com/wp-includes/class-wp-image-editor-gd.php en la línea 96

2020-12-23T05:31:58+00:00 CRITICAL Allowed memory size of 268435456 bytes exhausted (tried to allocate 49152 bytes) en /home1/aeterea1/toptoursdmc.com/wp-includes/class-wp-image-editor-gd.php en la línea 96

2020-12-23T05:31:59+00:00 CRITICAL Allowed memory size of 268435456 bytes exhausted (tried to allocate 49152 bytes) en /home1/aeterea1/toptoursdmc.com/wp-includes/class-wp-image-editor-gd.php en la línea 96
=======
2020-12-23T05:04:29+00:00 CRITICAL Maximum execution time of 120 seconds exceeded en C:\xampp\htdocs\projects\toptours.wordpress.site\wp-includes\wp-db.php en la línea 2033

2020-12-23T05:06:45+00:00 CRITICAL Maximum execution time of 120 seconds exceeded en C:\xampp\htdocs\projects\toptours.wordpress.site\wp-includes\wp-db.php en la línea 2033

2020-12-23T05:08:45+00:00 CRITICAL Maximum execution time of 120 seconds exceeded en C:\xampp\htdocs\projects\toptours.wordpress.site\wp-includes\wp-db.php en la línea 2033

2020-12-23T05:09:06+00:00 CRITICAL Maximum execution time of 120 seconds exceeded en C:\xampp\htdocs\projects\toptours.wordpress.site\wp-includes\wp-db.php en la línea 2033

2020-12-23T05:09:06+00:00 CRITICAL Maximum execution time of 120 seconds exceeded en C:\xampp\htdocs\projects\toptours.wordpress.site\wp-includes\wp-db.php en la línea 829

2020-12-23T05:09:06+00:00 CRITICAL Maximum execution time of 120 seconds exceeded en C:\xampp\htdocs\projects\toptours.wordpress.site\wp-content\themes\traveler\functions.php en la línea 32
>>>>>>> b9506368b9e038eac6f36a750bb63861fb1cca2c

